c:\users\l\desktop\algorithm-master\algorithm-master\debug\vc120.pdb
c:\users\l\desktop\algorithm-master\algorithm-master\debug\vc120.idb
c:\users\l\desktop\algorithm-master\algorithm-master\debug\algo_2740_190817.obj
c:\users\l\desktop\algorithm-master\algorithm-master\debug\algo_sw_1224_190809.obj
c:\users\l\desktop\algorithm-master\algorithm-master\debug\algo_10872_190817.obj
c:\users\l\desktop\algorithm-master\algorithm-master\debug\algo_10989_190817.obj
c:\users\l\desktop\algorithm-master\algorithm-master\debug\algo_11047_190817.obj
c:\users\l\desktop\algorithm-master\algorithm-master\debug\algo_1541_190818.obj
c:\users\l\desktop\algorithm-master\algorithm-master\debug\algo_pro_190825.obj
c:\users\l\desktop\algorithm-master\algorithm-master\debug\algo_9372_190921.obj
c:\users\l\desktop\algorithm-master\algorithm-master\debug\190922_0.obj
c:\users\l\desktop\debug\algo_0_robot_190613.ilk
c:\users\l\desktop\debug\algo_0_robot_190613.exe
c:\users\l\desktop\debug\algo_0_robot_190613.pdb
c:\users\l\desktop\algorithm-master\algorithm-master\debug\1234.obj
c:\users\l\desktop\algorithm-master\algorithm-master\debug\algo_0_robot_190613.obj
c:\users\l\desktop\algorithm-master\algorithm-master\debug\algo_10026_190718.obj
c:\users\l\desktop\algorithm-master\algorithm-master\debug\algo_1012_190724.obj
c:\users\l\desktop\algorithm-master\algorithm-master\debug\algo_10250_190805.obj
c:\users\l\desktop\algorithm-master\algorithm-master\debug\algo_10828_190802.obj
c:\users\l\desktop\algorithm-master\algorithm-master\debug\algo_10844_190809.obj
c:\users\l\desktop\algorithm-master\algorithm-master\debug\algo_10871_190807.obj
c:\users\l\desktop\algorithm-master\algorithm-master\debug\algo_10950_190725.obj
c:\users\l\desktop\algorithm-master\algorithm-master\debug\algo_10_fibo_190628.obj
c:\users\l\desktop\algorithm-master\algorithm-master\debug\algo_11049_190730.obj
c:\users\l\desktop\algorithm-master\algorithm-master\debug\algo_11049_190731.obj
c:\users\l\desktop\algorithm-master\algorithm-master\debug\algo_11050_190711.obj
c:\users\l\desktop\algorithm-master\algorithm-master\debug\algo_11053_190808.obj
c:\users\l\desktop\algorithm-master\algorithm-master\debug\algo_11054_190807.obj
c:\users\l\desktop\algorithm-master\algorithm-master\debug\algo_11054_190808.obj
c:\users\l\desktop\algorithm-master\algorithm-master\debug\algo_1107_190710.obj
c:\users\l\desktop\algorithm-master\algorithm-master\debug\algo_1110_190807.obj
c:\users\l\desktop\algorithm-master\algorithm-master\debug\algo_11654_190802.obj
c:\users\l\desktop\algorithm-master\algorithm-master\debug\algo_1193_190805.obj
c:\users\l\desktop\algorithm-master\algorithm-master\debug\algo_11_techno_190701.obj
c:\users\l\desktop\algorithm-master\algorithm-master\debug\algo_1260_190722.obj
c:\users\l\desktop\algorithm-master\algorithm-master\debug\algo_1260_190723.obj
c:\users\l\desktop\algorithm-master\algorithm-master\debug\algo_12_mutal_190701.obj
c:\users\l\desktop\algorithm-master\algorithm-master\debug\algo_13_mutal2_190702.obj
c:\users\l\desktop\algorithm-master\algorithm-master\debug\algo_13_mutal_190702_cpp.obj
c:\users\l\desktop\algorithm-master\algorithm-master\debug\algo_1463_190806.obj
c:\users\l\desktop\algorithm-master\algorithm-master\debug\algo_14_fibo_190703.obj
c:\users\l\desktop\algorithm-master\algorithm-master\debug\algo_15552_190725.obj
c:\users\l\desktop\algorithm-master\algorithm-master\debug\algo_15649_190801.obj
c:\users\l\desktop\algorithm-master\algorithm-master\debug\algo_15650_190801.obj
c:\users\l\desktop\algorithm-master\algorithm-master\debug\algo_15651_190801.obj
c:\users\l\desktop\algorithm-master\algorithm-master\debug\algo_15654_190801.obj
c:\users\l\desktop\algorithm-master\algorithm-master\debug\algo_15655_190801.obj
c:\users\l\desktop\algorithm-master\algorithm-master\debug\algo_15656_190801.obj
c:\users\l\desktop\algorithm-master\algorithm-master\debug\algo_15657_190801.obj
c:\users\l\desktop\algorithm-master\algorithm-master\debug\algo_15661_190717.obj
c:\users\l\desktop\algorithm-master\algorithm-master\debug\algo_15663_190801.obj
c:\users\l\desktop\algorithm-master\algorithm-master\debug\algo_15663_190801___________.obj
c:\users\l\desktop\algorithm-master\algorithm-master\debug\algo_15665_190801.obj
c:\users\l\desktop\algorithm-master\algorithm-master\debug\algo_15666_190801.obj
c:\users\l\desktop\algorithm-master\algorithm-master\debug\algo_1629_190729.obj
c:\users\l\desktop\algorithm-master\algorithm-master\debug\algo_1629_190729____________.obj
c:\users\l\desktop\algorithm-master\algorithm-master\debug\algo_16_fibo4_190703.obj
c:\users\l\desktop\algorithm-master\algorithm-master\debug\algo_1904_190729.obj
c:\users\l\desktop\algorithm-master\algorithm-master\debug\algo_1927_190807.obj
c:\users\l\desktop\algorithm-master\algorithm-master\debug\algo_1932_190805.obj
c:\users\l\desktop\algorithm-master\algorithm-master\debug\algo_1_gear_190613.obj
c:\users\l\desktop\algorithm-master\algorithm-master\debug\algo_2004_190711.obj
c:\users\l\desktop\algorithm-master\algorithm-master\debug\algo_2156_190730.obj
c:\users\l\desktop\algorithm-master\algorithm-master\debug\algo_2231_190729.obj
c:\users\l\desktop\algorithm-master\algorithm-master\debug\algo_2292_190805.obj
c:\users\l\desktop\algorithm-master\algorithm-master\debug\algo_2438_190725.obj
c:\users\l\desktop\algorithm-master\algorithm-master\debug\algo_2579_190805.obj
c:\users\l\desktop\algorithm-master\algorithm-master\debug\algo_2606_190722.obj
c:\users\l\desktop\algorithm-master\algorithm-master\debug\algo_2606_190723.obj
c:\users\l\desktop\algorithm-master\algorithm-master\debug\algo_2630_190807.obj
c:\users\l\desktop\algorithm-master\algorithm-master\debug\algo_2644_190710.obj
c:\users\l\desktop\algorithm-master\algorithm-master\debug\algo_2667_190723.obj
c:\users\l\desktop\algorithm-master\algorithm-master\debug\algo_2675_190802.obj
c:\users\l\desktop\algorithm-master\algorithm-master\debug\algo_2742_190807.obj
c:\users\l\desktop\algorithm-master\algorithm-master\debug\algo_2750_190805.obj
c:\users\l\desktop\algorithm-master\algorithm-master\debug\algo_2775_190805.obj
c:\users\l\desktop\algorithm-master\algorithm-master\debug\algo_2_dragon_curve_190617.obj
c:\users\l\desktop\algorithm-master\algorithm-master\debug\algo_3009_190807.obj
c:\users\l\desktop\algorithm-master\algorithm-master\debug\algo_3_snake_190618.obj
c:\users\l\desktop\algorithm-master\algorithm-master\debug\algo_3_snake_190620_lyg.obj
c:\users\l\desktop\algorithm-master\algorithm-master\debug\algo_4_mineral_190618.obj
c:\users\l\desktop\algorithm-master\algorithm-master\debug\algo_5086_190711.obj
c:\users\l\desktop\algorithm-master\algorithm-master\debug\algo_5_resignation2_190625.obj
c:\users\l\desktop\algorithm-master\algorithm-master\debug\algo_6603_190719.obj
c:\users\l\desktop\algorithm-master\algorithm-master\debug\algo_6_pill_190627.obj
c:\users\l\desktop\algorithm-master\algorithm-master\debug\algo_7569_190808.obj
c:\users\l\desktop\algorithm-master\algorithm-master\debug\algo_7576_190808.obj
c:\users\l\desktop\algorithm-master\algorithm-master\debug\algo_7_abc_190627.obj
c:\users\l\desktop\algorithm-master\algorithm-master\debug\algo_7_abc_190627_wrong.obj
c:\users\l\desktop\algorithm-master\algorithm-master\debug\algo_8_check_190628.obj
c:\users\l\desktop\algorithm-master\algorithm-master\debug\algo_8_check_190702.obj
c:\users\l\desktop\algorithm-master\algorithm-master\debug\algo_9663_190802_.obj
c:\users\l\desktop\algorithm-master\algorithm-master\debug\algo_9_associated_number_190628.obj
c:\users\l\desktop\algorithm-master\algorithm-master\debug\algo_sw_1206_190712.obj
c:\users\l\desktop\algorithm-master\algorithm-master\debug\algo_sw_1210_190724.obj
c:\users\l\desktop\algorithm-master\algorithm-master\debug\algo_sw_1232_190722.obj
c:\users\l\desktop\algorithm-master\algorithm-master\debug\algo_sw_1244_190712.obj
c:\users\l\desktop\algorithm-master\algorithm-master\debug\algo_sw_battle_76_190806.obj
c:\users\l\desktop\algorithm-master\algorithm-master\debug\codeforces_1_190705.obj
c:\users\l\desktop\algorithm-master\algorithm-master\debug\data_structure_pratice_0.obj
c:\users\l\desktop\algorithm-master\algorithm-master\debug\main.obj
c:\users\l\desktop\algorithm-master\algorithm-master\debug\scpc_1_190624.obj
c:\users\l\desktop\algorithm-master\algorithm-master\debug\scpc_2_190621.obj
c:\users\l\desktop\algorithm-master\algorithm-master\debug\scpc_3_190624.obj
c:\users\l\desktop\algorithm-master\algorithm-master\debug\test.obj
c:\users\l\desktop\algorithm-master\algorithm-master\debug\algo_0_robot_190613.ilk
c:\users\l\desktop\algorithm-master\algorithm-master\debug\vc141.idb
c:\users\l\desktop\algorithm-master\algorithm-master\debug\algo_0_robot_190613.pdb
c:\users\l\desktop\algorithm-master\algorithm-master\debug\vc141.pdb
c:\users\l\desktop\algorithm-master\algorithm-master\debug\algo_0_r.5c5b7f67.tlog\cl.command.1.tlog
c:\users\l\desktop\algorithm-master\algorithm-master\debug\algo_0_r.5c5b7f67.tlog\cl.read.1.tlog
c:\users\l\desktop\algorithm-master\algorithm-master\debug\algo_0_r.5c5b7f67.tlog\cl.write.1.tlog
c:\users\l\desktop\algorithm-master\algorithm-master\debug\algo_0_r.5c5b7f67.tlog\link.command.1.tlog
c:\users\l\desktop\algorithm-master\algorithm-master\debug\algo_0_r.5c5b7f67.tlog\link.read.1.tlog
c:\users\l\desktop\algorithm-master\algorithm-master\debug\algo_0_r.5c5b7f67.tlog\link.write.1.tlog
